<?xml version="1.0" encoding="UTF-8"?>
<!-- Generated by org.testng.reporters.JUnitXMLReporter -->
<testsuite hostname="DESKTOP-DRRO17G" name="test1" tests="3" failures="0" timestamp="15 Sep 2020 06:56:46 GMT" time="12.362" errors="0">
  <testcase name="launch_browser" time="8.535" classname="framework.testng.With_Parameter.Get_Parameters_From_Suite"/>
  <testcase name="loadWebpage" time="3.5" classname="framework.testng.With_Parameter.Get_Parameters_From_Suite"/>
  <testcase name="User_login" time="0.264" classname="framework.testng.With_Parameter.Get_Parameters_From_Suite"/>
</testsuite> <!-- test1 -->
