<?xml version="1.0" encoding="UTF-8"?>
<!-- Generated by org.testng.reporters.JUnitXMLReporter -->
<testsuite hostname="DESKTOP-DRRO17G" name="Test_firefox" tests="3" failures="0" timestamp="16 Sep 2020 06:42:29 GMT" time="36.441" errors="0">
  <testcase name="launchBrowser" time="18.5" classname="framework.testng.CrossBrowser.CrossBrowser_Test"/>
  <testcase name="loadApp" time="3.835" classname="framework.testng.CrossBrowser.CrossBrowser_Test"/>
  <testcase name="flight_search" time="14.06" classname="framework.testng.CrossBrowser.CrossBrowser_Test"/>
</testsuite> <!-- Test_firefox -->
