<?xml version="1.0" encoding="UTF-8"?>
<!-- Generated by org.testng.reporters.JUnitXMLReporter -->
<testsuite hostname="DESKTOP-DRRO17G" name="test1" tests="3" failures="0" timestamp="16 Sep 2020 06:25:45 GMT" time="16.148" errors="0">
  <testcase name="launch_browser" time="12.028" classname="framework.testng.With_Parameter.Get_Parameters_From_Suite"/>
  <testcase name="loadWebpage" time="3.791" classname="framework.testng.With_Parameter.Get_Parameters_From_Suite"/>
  <testcase name="User_login" time="0.273" classname="framework.testng.With_Parameter.Get_Parameters_From_Suite"/>
</testsuite> <!-- test1 -->
