<?xml version="1.0" encoding="UTF-8"?>
<!-- Generated by org.testng.reporters.JUnitXMLReporter -->
<testsuite hostname="DESKTOP-DRRO17G" name="Test_Chrome" tests="3" failures="0" timestamp="16 Sep 2020 06:42:26 GMT" time="33.34" errors="0">
  <testcase name="launchBrowser" time="6.349" classname="framework.testng.CrossBrowser.CrossBrowser_Test"/>
  <testcase name="loadApp" time="15.615" classname="framework.testng.CrossBrowser.CrossBrowser_Test"/>
  <testcase name="flight_search" time="11.324" classname="framework.testng.CrossBrowser.CrossBrowser_Test"/>
</testsuite> <!-- Test_Chrome -->
