<?xml version="1.0" encoding="UTF-8"?>
<!-- Generated by org.testng.reporters.JUnitXMLReporter -->
<testsuite hostname="DESKTOP-DRRO17G" name="Test_ie" tests="3" failures="0" timestamp="16 Sep 2020 06:42:56 GMT" time="63.6" errors="0">
  <testcase name="launchBrowser" time="4.795" classname="framework.testng.CrossBrowser.CrossBrowser_Test"/>
  <testcase name="loadApp" time="11.784" classname="framework.testng.CrossBrowser.CrossBrowser_Test"/>
  <testcase name="flight_search" time="46.971" classname="framework.testng.CrossBrowser.CrossBrowser_Test"/>
</testsuite> <!-- Test_ie -->
