<?xml version="1.0" encoding="UTF-8"?>
<testng-results skipped="0" failed="0" total="5" passed="5">
  <reporter-output>
  </reporter-output>
  <suite name="Default suite" duration-ms="124" started-at="2020-09-16T07:29:18Z" finished-at="2020-09-16T07:29:18Z">
    <groups>
    </groups>
    <test name="Default test" duration-ms="124" started-at="2020-09-16T07:29:18Z" finished-at="2020-09-16T07:29:18Z">
      <class name="framework.testng.DP.Get_DP_Data_From_Different_Class">
        <test-method status="PASS" signature="Test_login(java.lang.String, java.lang.String)[pri:0, instance:framework.testng.DP.Get_DP_Data_From_Different_Class@4f933fd1]" name="Test_login" duration-ms="16" started-at="2020-09-16T12:59:18Z" data-provider="user_login" finished-at="2020-09-16T12:59:18Z">
          <params>
            <param index="0">
              <value>
                <![CDATA[user1]]>
              </value>
            </param>
            <param index="1">
              <value>
                <![CDATA[pwd1]]>
              </value>
            </param>
          </params>
          <reporter-output>
          </reporter-output>
        </test-method> <!-- Test_login -->
        <test-method status="PASS" signature="Test_login(java.lang.String, java.lang.String)[pri:0, instance:framework.testng.DP.Get_DP_Data_From_Different_Class@4f933fd1]" name="Test_login" duration-ms="9" started-at="2020-09-16T12:59:18Z" data-provider="user_login" finished-at="2020-09-16T12:59:18Z">
          <params>
            <param index="0">
              <value>
                <![CDATA[user2]]>
              </value>
            </param>
            <param index="1">
              <value>
                <![CDATA[pwd2]]>
              </value>
            </param>
          </params>
          <reporter-output>
          </reporter-output>
        </test-method> <!-- Test_login -->
        <test-method status="PASS" signature="Test_login(java.lang.String, java.lang.String)[pri:0, instance:framework.testng.DP.Get_DP_Data_From_Different_Class@4f933fd1]" name="Test_login" duration-ms="4" started-at="2020-09-16T12:59:18Z" data-provider="user_login" finished-at="2020-09-16T12:59:18Z">
          <params>
            <param index="0">
              <value>
                <![CDATA[user3]]>
              </value>
            </param>
            <param index="1">
              <value>
                <![CDATA[pwd3]]>
              </value>
            </param>
          </params>
          <reporter-output>
          </reporter-output>
        </test-method> <!-- Test_login -->
        <test-method status="PASS" signature="Test_login(java.lang.String, java.lang.String)[pri:0, instance:framework.testng.DP.Get_DP_Data_From_Different_Class@4f933fd1]" name="Test_login" duration-ms="7" started-at="2020-09-16T12:59:18Z" data-provider="user_login" finished-at="2020-09-16T12:59:18Z">
          <params>
            <param index="0">
              <value>
                <![CDATA[user4]]>
              </value>
            </param>
            <param index="1">
              <value>
                <![CDATA[pwd4]]>
              </value>
            </param>
          </params>
          <reporter-output>
          </reporter-output>
        </test-method> <!-- Test_login -->
        <test-method status="PASS" signature="Test_login(java.lang.String, java.lang.String)[pri:0, instance:framework.testng.DP.Get_DP_Data_From_Different_Class@4f933fd1]" name="Test_login" duration-ms="4" started-at="2020-09-16T12:59:18Z" data-provider="user_login" finished-at="2020-09-16T12:59:18Z">
          <params>
            <param index="0">
              <value>
                <![CDATA[user5]]>
              </value>
            </param>
            <param index="1">
              <value>
                <![CDATA[pwd5]]>
              </value>
            </param>
          </params>
          <reporter-output>
          </reporter-output>
        </test-method> <!-- Test_login -->
      </class> <!-- framework.testng.DP.Get_DP_Data_From_Different_Class -->
    </test> <!-- Default test -->
  </suite> <!-- Default suite -->
</testng-results>
