<?xml version="1.0" encoding="UTF-8"?>
<!-- Generated by org.testng.reporters.JUnitXMLReporter -->
<testsuite hostname="DESKTOP-DRRO17G" name="Default test" tests="5" failures="0" timestamp="16 Sep 2020 07:29:18 GMT" time="0.124" errors="0">
  <testcase name="Test_login" time="0.016" classname="framework.testng.DP.Get_DP_Data_From_Different_Class"/>
  <testcase name="Test_login" time="0.009" classname="framework.testng.DP.Get_DP_Data_From_Different_Class"/>
  <testcase name="Test_login" time="0.004" classname="framework.testng.DP.Get_DP_Data_From_Different_Class"/>
  <testcase name="Test_login" time="0.007" classname="framework.testng.DP.Get_DP_Data_From_Different_Class"/>
  <testcase name="Test_login" time="0.004" classname="framework.testng.DP.Get_DP_Data_From_Different_Class"/>
</testsuite> <!-- Default test -->
