<?xml version="1.0" encoding="UTF-8"?>
<!-- Generated by org.testng.reporters.JUnitXMLReporter -->
<testsuite hostname="DESKTOP-DRRO17G" name="Default test" tests="2" failures="0" timestamp="15 Sep 2020 06:43:20 GMT" time="0.077" errors="0">
  <testcase name="tc001" time="0.02" classname="framework.testng.With_Parameter.ClassA"/>
  <testcase name="tc002" time="0.0" classname="framework.testng.With_Parameter.ClassA">
    <skipped/>
  </testcase> <!-- tc002 -->
</testsuite> <!-- Default test -->
